{"level":"ERROR","time":"2024-12-25T23:26:59.571+0800","caller":"internal/discovbuilder.go:35","msg":"bad resolver state","caller":"internal/discovbuilder.go:35"}
{"level":"WARN","time":"2024-12-26T00:19:05.641+0800","caller":"handler/loghandler.go:131","msg":"[HTTP] 500 - POST /project/login/getCaptcha - [::1]:1300 - PostmanRuntime/7.43.0 - slowcall(3000.6ms)","duration":"3000.6ms","caller":"handler/loghandler.go:131","trace":"0b8372068f50428f87848a71785534fb","span":"fca2cc4a27fc58cb"}
{"level":"ERROR","time":"2024-12-26T00:19:05.642+0800","caller":"internal/registry.go:240","msg":"context deadline exceeded, key is user.rpc","caller":"internal/registry.go:240"}
{"level":"ERROR","time":"2024-12-26T00:19:05.643+0800","caller":"handler/loghandler.go:149","msg":"[HTTP] 500 - POST /project/login/getCaptcha - [::1]:1300 - PostmanRuntime/7.43.0\nPOST /project/login/getCaptcha HTTP/1.1\r\nHost: localhost:80\r\nAccept: */*\r\nAccept-Encoding: gzip, deflate, br\r\nConnection: keep-alive\r\nContent-Length: 172\r\nContent-Type: multipart/form-data; boundary=--------------------------141498075209962205433030\r\nPostman-Token: ae37a996-0b15-4208-95e5-6a1039c76af0\r\nUser-Agent: PostmanRuntime/7.43.0\r\n\r\n----------------------------141498075209962205433030\r\nContent-Disposition: form-data; name=\"mobile\"\r\n\r\n12345678910\r\n----------------------------141498075209962205433030--\r\n","duration":"3000.6ms","caller":"handler/loghandler.go:149","trace":"0b8372068f50428f87848a71785534fb","span":"fca2cc4a27fc58cb"}
{"level":"ERROR","time":"2024-12-26T00:19:09.643+0800","caller":"internal/registry.go:240","msg":"context deadline exceeded, key is user.rpc","caller":"internal/registry.go:240"}
{"level":"ERROR","time":"2024-12-26T00:19:13.644+0800","caller":"internal/registry.go:240","msg":"context deadline exceeded, key is user.rpc","caller":"internal/registry.go:240"}
{"level":"ERROR","time":"2024-12-26T00:19:17.645+0800","caller":"internal/registry.go:240","msg":"context deadline exceeded, key is user.rpc","caller":"internal/registry.go:240"}
{"level":"ERROR","time":"2024-12-26T00:19:21.646+0800","caller":"internal/registry.go:240","msg":"context deadline exceeded, key is user.rpc","caller":"internal/registry.go:240"}
{"level":"ERROR","time":"2024-12-26T00:19:25.646+0800","caller":"internal/registry.go:240","msg":"context deadline exceeded, key is user.rpc","caller":"internal/registry.go:240"}
{"level":"ERROR","time":"2024-12-26T00:19:29.647+0800","caller":"internal/registry.go:240","msg":"context deadline exceeded, key is user.rpc","caller":"internal/registry.go:240"}
{"level":"ERROR","time":"2024-12-26T00:19:33.647+0800","caller":"internal/registry.go:240","msg":"context deadline exceeded, key is user.rpc","caller":"internal/registry.go:240"}
{"level":"ERROR","time":"2024-12-26T00:19:37.648+0800","caller":"internal/registry.go:240","msg":"context deadline exceeded, key is user.rpc","caller":"internal/registry.go:240"}
{"level":"ERROR","time":"2024-12-26T00:19:41.649+0800","caller":"internal/registry.go:240","msg":"context deadline exceeded, key is user.rpc","caller":"internal/registry.go:240"}
{"level":"ERROR","time":"2024-12-26T00:19:45.651+0800","caller":"internal/registry.go:240","msg":"context deadline exceeded, key is user.rpc","caller":"internal/registry.go:240"}
{"level":"ERROR","time":"2024-12-26T00:19:49.652+0800","caller":"internal/registry.go:240","msg":"context deadline exceeded, key is user.rpc","caller":"internal/registry.go:240"}
{"level":"ERROR","time":"2024-12-26T00:19:53.654+0800","caller":"internal/registry.go:240","msg":"context deadline exceeded, key is user.rpc","caller":"internal/registry.go:240"}
{"level":"ERROR","time":"2024-12-26T00:19:57.655+0800","caller":"internal/registry.go:240","msg":"context deadline exceeded, key is user.rpc","caller":"internal/registry.go:240"}
{"level":"ERROR","time":"2024-12-26T00:20:01.656+0800","caller":"internal/registry.go:240","msg":"context deadline exceeded, key is user.rpc","caller":"internal/registry.go:240"}
{"level":"ERROR","time":"2024-12-26T00:20:05.657+0800","caller":"internal/registry.go:240","msg":"context deadline exceeded, key is user.rpc","caller":"internal/registry.go:240"}
{"level":"ERROR","time":"2024-12-26T00:20:09.658+0800","caller":"internal/registry.go:240","msg":"context deadline exceeded, key is user.rpc","caller":"internal/registry.go:240"}
{"level":"ERROR","time":"2024-12-26T00:20:13.659+0800","caller":"internal/registry.go:240","msg":"context deadline exceeded, key is user.rpc","caller":"internal/registry.go:240"}
{"level":"ERROR","time":"2024-12-26T00:20:17.660+0800","caller":"internal/registry.go:240","msg":"context deadline exceeded, key is user.rpc","caller":"internal/registry.go:240"}
{"level":"ERROR","time":"2024-12-26T00:20:21.660+0800","caller":"internal/registry.go:240","msg":"context deadline exceeded, key is user.rpc","caller":"internal/registry.go:240"}
{"level":"ERROR","time":"2024-12-26T00:20:25.661+0800","caller":"internal/registry.go:240","msg":"context deadline exceeded, key is user.rpc","caller":"internal/registry.go:240"}
{"level":"ERROR","time":"2024-12-26T00:20:29.662+0800","caller":"internal/registry.go:240","msg":"context deadline exceeded, key is user.rpc","caller":"internal/registry.go:240"}
{"level":"ERROR","time":"2024-12-26T00:20:33.663+0800","caller":"internal/registry.go:240","msg":"context deadline exceeded, key is user.rpc","caller":"internal/registry.go:240"}
{"level":"ERROR","time":"2024-12-26T00:20:37.664+0800","caller":"internal/registry.go:240","msg":"context deadline exceeded, key is user.rpc","caller":"internal/registry.go:240"}
{"level":"ERROR","time":"2024-12-26T00:20:41.664+0800","caller":"internal/registry.go:240","msg":"context deadline exceeded, key is user.rpc","caller":"internal/registry.go:240"}
{"level":"ERROR","time":"2024-12-26T00:20:45.665+0800","caller":"internal/registry.go:240","msg":"context deadline exceeded, key is user.rpc","caller":"internal/registry.go:240"}
{"level":"ERROR","time":"2024-12-26T00:20:49.665+0800","caller":"internal/registry.go:240","msg":"context deadline exceeded, key is user.rpc","caller":"internal/registry.go:240"}
{"level":"ERROR","time":"2024-12-26T00:20:53.667+0800","caller":"internal/registry.go:240","msg":"context deadline exceeded, key is user.rpc","caller":"internal/registry.go:240"}
{"level":"ERROR","time":"2024-12-26T00:20:57.668+0800","caller":"internal/registry.go:240","msg":"context deadline exceeded, key is user.rpc","caller":"internal/registry.go:240"}
{"level":"WARN","time":"2024-12-26T00:21:00.256+0800","caller":"handler/loghandler.go:131","msg":"[HTTP] 500 - POST /project/login/getCaptcha - [::1]:1480 - PostmanRuntime/7.43.0 - slowcall(3000.3ms)","duration":"3000.3ms","caller":"handler/loghandler.go:131","trace":"db26e7654a399920682db530b7d20674","span":"a259c86b6b4fb5f3"}
{"level":"ERROR","time":"2024-12-26T00:21:00.256+0800","caller":"handler/loghandler.go:149","msg":"[HTTP] 500 - POST /project/login/getCaptcha - [::1]:1480 - PostmanRuntime/7.43.0\nPOST /project/login/getCaptcha HTTP/1.1\r\nHost: localhost:80\r\nAccept: */*\r\nAccept-Encoding: gzip, deflate, br\r\nConnection: keep-alive\r\nContent-Length: 18\r\nContent-Type: application/x-www-form-urlencoded\r\nPostman-Token: bc01b3a6-c595-4f31-a806-4fdb392691c8\r\nUser-Agent: PostmanRuntime/7.43.0\r\n\r\nmobile=12345678910","duration":"3000.3ms","caller":"handler/loghandler.go:149","trace":"db26e7654a399920682db530b7d20674","span":"a259c86b6b4fb5f3"}
{"level":"ERROR","time":"2024-12-26T00:21:01.669+0800","caller":"internal/registry.go:240","msg":"context deadline exceeded, key is user.rpc","caller":"internal/registry.go:240"}
{"level":"ERROR","time":"2024-12-26T00:21:05.669+0800","caller":"internal/registry.go:240","msg":"context deadline exceeded, key is user.rpc","caller":"internal/registry.go:240"}
{"level":"ERROR","time":"2024-12-26T00:21:09.670+0800","caller":"internal/registry.go:240","msg":"context deadline exceeded, key is user.rpc","caller":"internal/registry.go:240"}
